#
# There is insufficient memory for the Java Runtime Environment to continue.
# Native memory allocation (malloc) failed to allocate 842896 bytes for Chunk::new
# Possible reasons:
#   The system is out of physical RAM or swap space
#   The process is running with CompressedOops enabled, and the Java Heap may be blocking the growth of the native heap
# Possible solutions:
#   Reduce memory load on the system
#   Increase physical memory or swap space
#   Check if swap backing store is full
#   Decrease Java heap size (-Xmx/-Xms)
#   Decrease number of Java threads
#   Decrease Java thread stack sizes (-Xss)
#   Set larger code cache with -XX:ReservedCodeCacheSize=
#   JVM is running with Zero Based Compressed Oops mode in which the Java heap is
#     placed in the first 32GB address space. The Java Heap base address is the
#     maximum limit for the native heap growth. Please use -XX:HeapBaseMinAddress
#     to set the Java Heap base and to place the Java Heap above 32GB virtual address.
# This output file may be truncated or incomplete.
#
#  Out of Memory Error (arena.cpp:189), pid=20660, tid=21480
#
# JRE version: Java(TM) SE Runtime Environment (17.0.18+8) (build 17.0.18+8-LTS-264)
# Java VM: Java HotSpot(TM) 64-Bit Server VM (17.0.18+8-LTS-264, mixed mode, sharing, tiered, compressed oops, compressed class ptrs, g1 gc, windows-amd64)
# No core dump will be written. Minidumps are not enabled by default on client versions of Windows
#

---------------  S U M M A R Y ------------

Command Line: --enable-native-access=ALL-UNNAMED -Dclassworlds.conf=C:\Program Files\Apache\apache-maven-3.9.11\bin\m2.conf -Dmaven.home=C:\Program Files\Apache\apache-maven-3.9.11 -Dlibrary.jansi.path=C:\Program Files\Apache\apache-maven-3.9.11\lib\jansi-native -Dmaven.multiModuleProjectDirectory=C:\Users\vaira\OneDrive\Desktop\TwinMind\backend org.codehaus.plexus.classworlds.launcher.Launcher spring-boot:run

Host: 11th Gen Intel(R) Core(TM) i5-11300H @ 3.10GHz, 8 cores, 15G,  Windows 11 , 64 bit Build 26100 (10.0.26100.8246)
Time: Sun Apr 19 05:19:53 2026 India Standard Time elapsed time: 3.272785 seconds (0d 0h 0m 3s)

---------------  T H R E A D  ---------------

Current thread (0x0000010d44de2530):  JavaThread "C2 CompilerThread0" daemon [_thread_in_native, id=21480, stack(0x00000003ab000000,0x00000003ab100000)]


Current CompileTask:
C2:   3273 3630   !   4       org.codehaus.plexus.interpolation.StringSearchInterpolator::interpolate (692 bytes)

Stack: [0x00000003ab000000,0x00000003ab100000]
Native frames: (J=compiled Java code, j=interpreted, Vv=VM code, C=native code)
V  [jvm.dll+0x67ea1a]
V  [jvm.dll+0x7de97b]
V  [jvm.dll+0x7e02be]
V  [jvm.dll+0x7e0943]
V  [jvm.dll+0x247a9f]
V  [jvm.dll+0xaca25]
V  [jvm.dll+0xacfec]
V  [jvm.dll+0x2aed4f]
V  [jvm.dll+0x586758]
V  [jvm.dll+0x221e04]
V  [jvm.dll+0x21a7ae]
V  [jvm.dll+0x218048]
V  [jvm.dll+0x1a4440]
V  [jvm.dll+0x22873e]
V  [jvm.dll+0x2268e6]
V  [jvm.dll+0x795657]
V  [jvm.dll+0x78fb5a]
V  [jvm.dll+0x67d8f5]
C  [ucrtbase.dll+0x37b0]
C  [KERNEL32.DLL+0x2e8d7]
C  [ntdll.dll+0x8c3fc]


---------------  P R O C E S S  ---------------

Threads class SMR info:
_java_thread_list=0x0000010d8b013970, length=14, elements={
0x0000010d222152e0, 0x0000010d44db81b0, 0x0000010d44db98d0, 0x0000010d44dd40c0,
0x0000010d44dd4a70, 0x0000010d44dd5f90, 0x0000010d44dd74b0, 0x0000010d44de2530,
0x0000010d44de5e00, 0x0000010d44dfa570, 0x0000010d861b2ec0, 0x0000010d861b85e0,
0x0000010d865a3a10, 0x0000010d8b8c90b0
}

Java Threads: ( => current thread )
  0x0000010d222152e0 JavaThread "main" [_thread_in_Java, id=10840, stack(0x00000003aa300000,0x00000003aa400000)]
  0x0000010d44db81b0 JavaThread "Reference Handler" daemon [_thread_blocked, id=27432, stack(0x00000003aaa00000,0x00000003aab00000)]
  0x0000010d44db98d0 JavaThread "Finalizer" daemon [_thread_blocked, id=21628, stack(0x00000003aab00000,0x00000003aac00000)]
  0x0000010d44dd40c0 JavaThread "Signal Dispatcher" daemon [_thread_blocked, id=18216, stack(0x00000003aac00000,0x00000003aad00000)]
  0x0000010d44dd4a70 JavaThread "Attach Listener" daemon [_thread_blocked, id=28300, stack(0x00000003aad00000,0x00000003aae00000)]
  0x0000010d44dd5f90 JavaThread "Service Thread" daemon [_thread_blocked, id=23560, stack(0x00000003aae00000,0x00000003aaf00000)]
  0x0000010d44dd74b0 JavaThread "Monitor Deflation Thread" daemon [_thread_blocked, id=18800, stack(0x00000003aaf00000,0x00000003ab000000)]
=>0x0000010d44de2530 JavaThread "C2 CompilerThread0" daemon [_thread_in_native, id=21480, stack(0x00000003ab000000,0x00000003ab100000)]
  0x0000010d44de5e00 JavaThread "C1 CompilerThread0" daemon [_thread_blocked, id=13240, stack(0x00000003ab100000,0x00000003ab200000)]
  0x0000010d44dfa570 JavaThread "Sweeper thread" daemon [_thread_blocked, id=19604, stack(0x00000003ab200000,0x00000003ab300000)]
  0x0000010d861b2ec0 JavaThread "Notification Thread" daemon [_thread_blocked, id=14508, stack(0x00000003ab300000,0x00000003ab400000)]
  0x0000010d861b85e0 JavaThread "Common-Cleaner" daemon [_thread_blocked, id=13472, stack(0x00000003ab500000,0x00000003ab600000)]
  0x0000010d865a3a10 JavaThread "C2 CompilerThread1" daemon [_thread_in_vm, id=21100, stack(0x00000003ab600000,0x00000003ab700000)]
  0x0000010d8b8c90b0 JavaThread "Thread-1" daemon [_thread_blocked, id=23444, stack(0x00000003abf00000,0x00000003ac000000)]

Other Threads:
  0x0000010d44db1750 VMThread "VM Thread" [stack: 0x00000003aa900000,0x00000003aaa00000] [id=15632]
  0x0000010d2229cb00 WatcherThread [stack: 0x00000003ab400000,0x00000003ab500000] [id=24360]
  0x0000010d222830d0 GCTaskThread "GC Thread#0" [stack: 0x00000003aa400000,0x00000003aa500000] [id=19768]
  0x0000010d8b1373a0 GCTaskThread "GC Thread#1" [stack: 0x00000003ab800000,0x00000003ab900000] [id=5372]
  0x0000010d8b019d20 GCTaskThread "GC Thread#2" [stack: 0x00000003ab900000,0x00000003aba00000] [id=23224]
  0x0000010d8b1c1d80 GCTaskThread "GC Thread#3" [stack: 0x00000003aba00000,0x00000003abb00000] [id=24560]
  0x0000010d8b02e110 GCTaskThread "GC Thread#4" [stack: 0x00000003abb00000,0x00000003abc00000] [id=23128]
  0x0000010d8b02eff0 GCTaskThread "GC Thread#5" [stack: 0x00000003abc00000,0x00000003abd00000] [id=12860]
  0x0000010d8b16f110 GCTaskThread "GC Thread#6" [stack: 0x00000003abd00000,0x00000003abe00000] [id=6808]
  0x0000010d8b80acc0 GCTaskThread "GC Thread#7" [stack: 0x00000003abe00000,0x00000003abf00000] [id=17944]
  0x0000010d22293cb0 ConcurrentGCThread "G1 Main Marker" [stack: 0x00000003aa500000,0x00000003aa600000] [id=25992]
  0x0000010d22295390 ConcurrentGCThread "G1 Conc#0" [stack: 0x00000003aa600000,0x00000003aa700000] [id=30504]
  0x0000010d222de9e0 ConcurrentGCThread "G1 Refine#0" [stack: 0x00000003aa700000,0x00000003aa800000] [id=18716]
  0x0000010d44ceded0 ConcurrentGCThread "G1 Service" [stack: 0x00000003aa800000,0x00000003aa900000] [id=25672]

Threads with active compile tasks:
C2 CompilerThread0     3293 3630   !   4       org.codehaus.plexus.interpolation.StringSearchInterpolator::interpolate (692 bytes)
C2 CompilerThread1     3293 3717       4       org.eclipse.sisu.inject.LocatedBeans$Itr::hasNext (169 bytes)

VM state: not at safepoint (normal execution)

VM Mutex/Monitor currently owned by a thread:  ([mutex/lock_event])
[0x0000010d22213f30] Compile_lock - owner thread: 0x0000000000000000

Heap address: 0x0000000703600000, size: 4042 MB, Compressed Oops mode: Zero based, Oop shift amount: 3

CDS archive(s) mapped at: [0x0000010d45000000-0x0000010d45bd0000-0x0000010d45bd0000), size 12386304, SharedBaseAddress: 0x0000010d45000000, ArchiveRelocationMode: 1.
Compressed class space mapped at: 0x0000010d46000000-0x0000010d86000000, reserved size: 1073741824
Narrow klass base: 0x0000010d45000000, Narrow klass shift: 0, Narrow klass range: 0x100000000

GC Precious Log:
 CPUs: 8 total, 8 available
 Memory: 16167M
 Large Page Support: Disabled
 NUMA Support: Disabled
 Compressed Oops: Enabled (Zero based)
 Heap Region Size: 2M
 Heap Min Capacity: 8M
 Heap Initial Capacity: 254M
 Heap Max Capacity: 4042M
 Pre-touch: Disabled
 Parallel Workers: 8
 Concurrent Workers: 2
 Concurrent Refinement Workers: 8
 Periodic GC: Disabled

Heap:
 garbage-first heap   total 260096K, used 76820K [0x0000000703600000, 0x0000000800000000)
  region size 2048K, 37 young (75776K), 1 survivors (2048K)
 Metaspace       used 15522K, committed 15680K, reserved 1114112K
  class space    used 1856K, committed 1920K, reserved 1048576K

Heap Regions: E=young(eden), S=young(survivor), O=old, HS=humongous(starts), HC=humongous(continues), CS=collection set, F=free, OA=open archive, CA=closed archive, TAMS=top-at-mark-start (previous, next)
|   0|0x0000000703600000, 0x0000000703800000, 0x0000000703800000|100%| O|  |TAMS 0x0000000703600000, 0x0000000703600000| Untracked 
|   1|0x0000000703800000, 0x0000000703962800, 0x0000000703a00000| 69%| O|  |TAMS 0x0000000703800000, 0x0000000703800000| Untracked 
|   2|0x0000000703a00000, 0x0000000703a00000, 0x0000000703c00000|  0%| F|  |TAMS 0x0000000703a00000, 0x0000000703a00000| Untracked 
|   3|0x0000000703c00000, 0x0000000703c00000, 0x0000000703e00000|  0%| F|  |TAMS 0x0000000703c00000, 0x0000000703c00000| Untracked 
|   4|0x0000000703e00000, 0x0000000703e00000, 0x0000000704000000|  0%| F|  |TAMS 0x0000000703e00000, 0x0000000703e00000| Untracked 
|   5|0x0000000704000000, 0x0000000704000000, 0x0000000704200000|  0%| F|  |TAMS 0x0000000704000000, 0x0000000704000000| Untracked 
|   6|0x0000000704200000, 0x0000000704200000, 0x0000000704400000|  0%| F|  |TAMS 0x0000000704200000, 0x0000000704200000| Untracked 
|   7|0x0000000704400000, 0x0000000704400000, 0x0000000704600000|  0%| F|  |TAMS 0x0000000704400000, 0x0000000704400000| Untracked 
|   8|0x0000000704600000, 0x0000000704600000, 0x0000000704800000|  0%| F|  |TAMS 0x0000000704600000, 0x0000000704600000| Untracked 
|   9|0x0000000704800000, 0x0000000704800000, 0x0000000704a00000|  0%| F|  |TAMS 0x0000000704800000, 0x0000000704800000| Untracked 
|  10|0x0000000704a00000, 0x0000000704a00000, 0x0000000704c00000|  0%| F|  |TAMS 0x0000000704a00000, 0x0000000704a00000| Untracked 
|  11|0x0000000704c00000, 0x0000000704c00000, 0x0000000704e00000|  0%| F|  |TAMS 0x0000000704c00000, 0x0000000704c00000| Untracked 
|  12|0x0000000704e00000, 0x0000000704e00000, 0x0000000705000000|  0%| F|  |TAMS 0x0000000704e00000, 0x0000000704e00000| Untracked 
|  13|0x0000000705000000, 0x0000000705000000, 0x0000000705200000|  0%| F|  |TAMS 0x0000000705000000, 0x0000000705000000| Untracked 
|  14|0x0000000705200000, 0x0000000705200000, 0x0000000705400000|  0%| F|  |TAMS 0x0000000705200000, 0x0000000705200000| Untracked 
|  15|0x0000000705400000, 0x0000000705400000, 0x0000000705600000|  0%| F|  |TAMS 0x0000000705400000, 0x0000000705400000| Untracked 
|  16|0x0000000705600000, 0x0000000705600000, 0x0000000705800000|  0%| F|  |TAMS 0x0000000705600000, 0x0000000705600000| Untracked 
|  17|0x0000000705800000, 0x0000000705800000, 0x0000000705a00000|  0%| F|  |TAMS 0x0000000705800000, 0x0000000705800000| Untracked 
|  18|0x0000000705a00000, 0x0000000705a00000, 0x0000000705c00000|  0%| F|  |TAMS 0x0000000705a00000, 0x0000000705a00000| Untracked 
|  19|0x0000000705c00000, 0x0000000705c00000, 0x0000000705e00000|  0%| F|  |TAMS 0x0000000705c00000, 0x0000000705c00000| Untracked 
|  20|0x0000000705e00000, 0x0000000705e00000, 0x0000000706000000|  0%| F|  |TAMS 0x0000000705e00000, 0x0000000705e00000| Untracked 
|  21|0x0000000706000000, 0x0000000706000000, 0x0000000706200000|  0%| F|  |TAMS 0x0000000706000000, 0x0000000706000000| Untracked 
|  22|0x0000000706200000, 0x0000000706200000, 0x0000000706400000|  0%| F|  |TAMS 0x0000000706200000, 0x0000000706200000| Untracked 
|  23|0x0000000706400000, 0x0000000706400000, 0x0000000706600000|  0%| F|  |TAMS 0x0000000706400000, 0x0000000706400000| Untracked 
|  24|0x0000000706600000, 0x0000000706600000, 0x0000000706800000|  0%| F|  |TAMS 0x0000000706600000, 0x0000000706600000| Untracked 
|  25|0x0000000706800000, 0x0000000706800000, 0x0000000706a00000|  0%| F|  |TAMS 0x0000000706800000, 0x0000000706800000| Untracked 
|  26|0x0000000706a00000, 0x0000000706a00000, 0x0000000706c00000|  0%| F|  |TAMS 0x0000000706a00000, 0x0000000706a00000| Untracked 
|  27|0x0000000706c00000, 0x0000000706c00000, 0x0000000706e00000|  0%| F|  |TAMS 0x0000000706c00000, 0x0000000706c00000| Untracked 
|  28|0x0000000706e00000, 0x0000000706e00000, 0x0000000707000000|  0%| F|  |TAMS 0x0000000706e00000, 0x0000000706e00000| Untracked 
|  29|0x0000000707000000, 0x0000000707000000, 0x0000000707200000|  0%| F|  |TAMS 0x0000000707000000, 0x0000000707000000| Untracked 
|  30|0x0000000707200000, 0x0000000707200000, 0x0000000707400000|  0%| F|  |TAMS 0x0000000707200000, 0x0000000707200000| Untracked 
|  31|0x0000000707400000, 0x0000000707400000, 0x0000000707600000|  0%| F|  |TAMS 0x0000000707400000, 0x0000000707400000| Untracked 
|  32|0x0000000707600000, 0x0000000707600000, 0x0000000707800000|  0%| F|  |TAMS 0x0000000707600000, 0x0000000707600000| Untracked 
|  33|0x0000000707800000, 0x0000000707800000, 0x0000000707a00000|  0%| F|  |TAMS 0x0000000707800000, 0x0000000707800000| Untracked 
|  34|0x0000000707a00000, 0x0000000707a00000, 0x0000000707c00000|  0%| F|  |TAMS 0x0000000707a00000, 0x0000000707a00000| Untracked 
|  35|0x0000000707c00000, 0x0000000707c00000, 0x0000000707e00000|  0%| F|  |TAMS 0x0000000707c00000, 0x0000000707c00000| Untracked 
|  36|0x0000000707e00000, 0x0000000707e00000, 0x0000000708000000|  0%| F|  |TAMS 0x0000000707e00000, 0x0000000707e00000| Untracked 
|  37|0x0000000708000000, 0x0000000708000000, 0x0000000708200000|  0%| F|  |TAMS 0x0000000708000000, 0x0000000708000000| Untracked 
|  38|0x0000000708200000, 0x0000000708200000, 0x0000000708400000|  0%| F|  |TAMS 0x0000000708200000, 0x0000000708200000| Untracked 
|  39|0x0000000708400000, 0x0000000708400000, 0x0000000708600000|  0%| F|  |TAMS 0x0000000708400000, 0x0000000708400000| Untracked 
|  40|0x0000000708600000, 0x0000000708600000, 0x0000000708800000|  0%| F|  |TAMS 0x0000000708600000, 0x0000000708600000| Untracked 
|  41|0x0000000708800000, 0x0000000708800000, 0x0000000708a00000|  0%| F|  |TAMS 0x0000000708800000, 0x0000000708800000| Untracked 
|  42|0x0000000708a00000, 0x0000000708a00000, 0x0000000708c00000|  0%| F|  |TAMS 0x0000000708a00000, 0x0000000708a00000| Untracked 
|  43|0x0000000708c00000, 0x0000000708c00000, 0x0000000708e00000|  0%| F|  |TAMS 0x0000000708c00000, 0x0000000708c00000| Untracked 
|  44|0x0000000708e00000, 0x0000000708e00000, 0x0000000709000000|  0%| F|  |TAMS 0x0000000708e00000, 0x0000000708e00000| Untracked 
|  45|0x0000000709000000, 0x0000000709000000, 0x0000000709200000|  0%| F|  |TAMS 0x0000000709000000, 0x0000000709000000| Untracked 
|  46|0x0000000709200000, 0x0000000709200000, 0x0000000709400000|  0%| F|  |TAMS 0x0000000709200000, 0x0000000709200000| Untracked 
|  47|0x0000000709400000, 0x0000000709400000, 0x0000000709600000|  0%| F|  |TAMS 0x0000000709400000, 0x0000000709400000| Untracked 
|  48|0x0000000709600000, 0x0000000709600000, 0x0000000709800000|  0%| F|  |TAMS 0x0000000709600000, 0x0000000709600000| Untracked 
|  49|0x0000000709800000, 0x0000000709800000, 0x0000000709a00000|  0%| F|  |TAMS 0x0000000709800000, 0x0000000709800000| Untracked 
|  50|0x0000000709a00000, 0x0000000709a00000, 0x0000000709c00000|  0%| F|  |TAMS 0x0000000709a00000, 0x0000000709a00000| Untracked 
|  51|0x0000000709c00000, 0x0000000709c00000, 0x0000000709e00000|  0%| F|  |TAMS 0x0000000709c00000, 0x0000000709c00000| Untracked 
|  52|0x0000000709e00000, 0x0000000709e00000, 0x000000070a000000|  0%| F|  |TAMS 0x0000000709e00000, 0x0000000709e00000| Untracked 
|  53|0x000000070a000000, 0x000000070a000000, 0x000000070a200000|  0%| F|  |TAMS 0x000000070a000000, 0x000000070a000000| Untracked 
|  54|0x000000070a200000, 0x000000070a200000, 0x000000070a400000|  0%| F|  |TAMS 0x000000070a200000, 0x000000070a200000| Untracked 
|  55|0x000000070a400000, 0x000000070a400000, 0x000000070a600000|  0%| F|  |TAMS 0x000000070a400000, 0x000000070a400000| Untracked 
|  56|0x000000070a600000, 0x000000070a600000, 0x000000070a800000|  0%| F|  |TAMS 0x000000070a600000, 0x000000070a600000| Untracked 
|  57|0x000000070a800000, 0x000000070a800000, 0x000000070aa00000|  0%| F|  |TAMS 0x000000070a800000, 0x000000070a800000| Untracked 
|  58|0x000000070aa00000, 0x000000070aa00000, 0x000000070ac00000|  0%| F|  |TAMS 0x000000070aa00000, 0x000000070aa00000| Untracked 
|  59|0x000000070ac00000, 0x000000070ac00000, 0x000000070ae00000|  0%| F|  |TAMS 0x000000070ac00000, 0x000000070ac00000| Untracked 
|  60|0x000000070ae00000, 0x000000070ae00000, 0x000000070b000000|  0%| F|  |TAMS 0x000000070ae00000, 0x000000070ae00000| Untracked 
|  61|0x000000070b000000, 0x000000070b000000, 0x000000070b200000|  0%| F|  |TAMS 0x000000070b000000, 0x000000070b000000| Untracked 
|  62|0x000000070b200000, 0x000000070b200000, 0x000000070b400000|  0%| F|  |TAMS 0x000000070b200000, 0x000000070b200000| Untracked 
|  63|0x000000070b400000, 0x000000070b400000, 0x000000070b600000|  0%| F|  |TAMS 0x000000070b400000, 0x000000070b400000| Untracked 
|  64|0x000000070b600000, 0x000000070b600000, 0x000000070b800000|  0%| F|  |TAMS 0x000000070b600000, 0x000000070b600000| Untracked 
|  65|0x000000070b800000, 0x000000070b800000, 0x000000070ba00000|  0%| F|  |TAMS 0x000000070b800000, 0x000000070b800000| Untracked 
|  66|0x000000070ba00000, 0x000000070ba00000, 0x000000070bc00000|  0%| F|  |TAMS 0x000000070ba00000, 0x000000070ba00000| Untracked 
|  67|0x000000070bc00000, 0x000000070bc00000, 0x000000070be00000|  0%| F|  |TAMS 0x000000070bc00000, 0x000000070bc00000| Untracked 
|  68|0x000000070be00000, 0x000000070be00000, 0x000000070c000000|  0%| F|  |TAMS 0x000000070be00000, 0x000000070be00000| Untracked 
|  69|0x000000070c000000, 0x000000070c000000, 0x000000070c200000|  0%| F|  |TAMS 0x000000070c000000, 0x000000070c000000| Untracked 
|  70|0x000000070c200000, 0x000000070c200000, 0x000000070c400000|  0%| F|  |TAMS 0x000000070c200000, 0x000000070c200000| Untracked 
|  71|0x000000070c400000, 0x000000070c400000, 0x000000070c600000|  0%| F|  |TAMS 0x000000070c400000, 0x000000070c400000| Untracked 
|  72|0x000000070c600000, 0x000000070c600000, 0x000000070c800000|  0%| F|  |TAMS 0x000000070c600000, 0x000000070c600000| Untracked 
|  73|0x000000070c800000, 0x000000070c800000, 0x000000070ca00000|  0%| F|  |TAMS 0x000000070c800000, 0x000000070c800000| Untracked 
|  74|0x000000070ca00000, 0x000000070ca00000, 0x000000070cc00000|  0%| F|  |TAMS 0x000000070ca00000, 0x000000070ca00000| Untracked 
|  75|0x000000070cc00000, 0x000000070cc00000, 0x000000070ce00000|  0%| F|  |TAMS 0x000000070cc00000, 0x000000070cc00000| Untracked 
|  76|0x000000070ce00000, 0x000000070ce00000, 0x000000070d000000|  0%| F|  |TAMS 0x000000070ce00000, 0x000000070ce00000| Untracked 
|  77|0x000000070d000000, 0x000000070d000000, 0x000000070d200000|  0%| F|  |TAMS 0x000000070d000000, 0x000000070d000000| Untracked 
|  78|0x000000070d200000, 0x000000070d200000, 0x000000070d400000|  0%| F|  |TAMS 0x000000070d200000, 0x000000070d200000| Untracked 
|  79|0x000000070d400000, 0x000000070d400000, 0x000000070d600000|  0%| F|  |TAMS 0x000000070d400000, 0x000000070d400000| Untracked 
|  80|0x000000070d600000, 0x000000070d600000, 0x000000070d800000|  0%| F|  |TAMS 0x000000070d600000, 0x000000070d600000| Untracked 
|  81|0x000000070d800000, 0x000000070d800000, 0x000000070da00000|  0%| F|  |TAMS 0x000000070d800000, 0x000000070d800000| Untracked 
|  82|0x000000070da00000, 0x000000070da00000, 0x000000070dc00000|  0%| F|  |TAMS 0x000000070da00000, 0x000000070da00000| Untracked 
|  83|0x000000070dc00000, 0x000000070dc00000, 0x000000070de00000|  0%| F|  |TAMS 0x000000070dc00000, 0x000000070dc00000| Untracked 
|  84|0x000000070de00000, 0x000000070de00000, 0x000000070e000000|  0%| F|  |TAMS 0x000000070de00000, 0x000000070de00000| Untracked 
|  85|0x000000070e000000, 0x000000070e000000, 0x000000070e200000|  0%| F|  |TAMS 0x000000070e000000, 0x000000070e000000| Untracked 
|  86|0x000000070e200000, 0x000000070e200000, 0x000000070e400000|  0%| F|  |TAMS 0x000000070e200000, 0x000000070e200000| Untracked 
|  87|0x000000070e400000, 0x000000070e400000, 0x000000070e600000|  0%| F|  |TAMS 0x000000070e400000, 0x000000070e400000| Untracked 
|  88|0x000000070e600000, 0x000000070e600000, 0x000000070e800000|  0%| F|  |TAMS 0x000000070e600000, 0x000000070e600000| Untracked 
|  89|0x000000070e800000, 0x000000070e800000, 0x000000070ea00000|  0%| F|  |TAMS 0x000000070e800000, 0x000000070e800000| Untracked 
|  90|0x000000070ea00000, 0x000000070eb00800, 0x000000070ec00000| 50%| E|  |TAMS 0x000000070ea00000, 0x000000070ea00000| Complete 
|  91|0x000000070ec00000, 0x000000070ee00000, 0x000000070ee00000|100%| E|CS|TAMS 0x000000070ec00000, 0x000000070ec00000| Complete 
|  92|0x000000070ee00000, 0x000000070f000000, 0x000000070f000000|100%| E|CS|TAMS 0x000000070ee00000, 0x000000070ee00000| Complete 
|  93|0x000000070f000000, 0x000000070f200000, 0x000000070f200000|100%| E|CS|TAMS 0x000000070f000000, 0x000000070f000000| Complete 
|  94|0x000000070f200000, 0x000000070f400000, 0x000000070f400000|100%| E|CS|TAMS 0x000000070f200000, 0x000000070f200000| Complete 
|  95|0x000000070f400000, 0x000000070f600000, 0x000000070f600000|100%| E|CS|TAMS 0x000000070f400000, 0x000000070f400000| Complete 
|  96|0x000000070f600000, 0x000000070f800000, 0x000000070f800000|100%| E|CS|TAMS 0x000000070f600000, 0x000000070f600000| Complete 
|  97|0x000000070f800000, 0x000000070fa00000, 0x000000070fa00000|100%| E|CS|TAMS 0x000000070f800000, 0x000000070f800000| Complete 
|  98|0x000000070fa00000, 0x000000070fc00000, 0x000000070fc00000|100%| E|CS|TAMS 0x000000070fa00000, 0x000000070fa00000| Complete 
|  99|0x000000070fc00000, 0x000000070fe00000, 0x000000070fe00000|100%| E|CS|TAMS 0x000000070fc00000, 0x000000070fc00000| Complete 
| 100|0x000000070fe00000, 0x0000000710000000, 0x0000000710000000|100%| E|CS|TAMS 0x000000070fe00000, 0x000000070fe00000| Complete 
| 101|0x0000000710000000, 0x0000000710200000, 0x0000000710200000|100%| E|CS|TAMS 0x0000000710000000, 0x0000000710000000| Complete 
| 102|0x0000000710200000, 0x0000000710400000, 0x0000000710400000|100%| E|CS|TAMS 0x0000000710200000, 0x0000000710200000| Complete 
| 103|0x0000000710400000, 0x0000000710600000, 0x0000000710600000|100%| E|CS|TAMS 0x0000000710400000, 0x0000000710400000| Complete 
| 104|0x0000000710600000, 0x0000000710800000, 0x0000000710800000|100%| E|CS|TAMS 0x0000000710600000, 0x0000000710600000| Complete 
| 105|0x0000000710800000, 0x0000000710a00000, 0x0000000710a00000|100%| E|CS|TAMS 0x0000000710800000, 0x0000000710800000| Complete 
| 106|0x0000000710a00000, 0x0000000710c00000, 0x0000000710c00000|100%| E|CS|TAMS 0x0000000710a00000, 0x0000000710a00000| Complete 
| 107|0x0000000710c00000, 0x0000000710e00000, 0x0000000710e00000|100%| E|CS|TAMS 0x0000000710c00000, 0x0000000710c00000| Complete 
| 108|0x0000000710e00000, 0x0000000711000000, 0x0000000711000000|100%| E|CS|TAMS 0x0000000710e00000, 0x0000000710e00000| Complete 
| 109|0x0000000711000000, 0x00000007111a2a70, 0x0000000711200000| 81%| S|CS|TAMS 0x0000000711000000, 0x0000000711000000| Complete 
| 110|0x0000000711200000, 0x0000000711400000, 0x0000000711400000|100%| E|CS|TAMS 0x0000000711200000, 0x0000000711200000| Complete 
| 111|0x0000000711400000, 0x0000000711600000, 0x0000000711600000|100%| E|CS|TAMS 0x0000000711400000, 0x0000000711400000| Complete 
| 112|0x0000000711600000, 0x0000000711800000, 0x0000000711800000|100%| E|CS|TAMS 0x0000000711600000, 0x0000000711600000| Complete 
| 113|0x0000000711800000, 0x0000000711a00000, 0x0000000711a00000|100%| E|CS|TAMS 0x0000000711800000, 0x0000000711800000| Complete 
| 114|0x0000000711a00000, 0x0000000711c00000, 0x0000000711c00000|100%| E|CS|TAMS 0x0000000711a00000, 0x0000000711a00000| Complete 
| 115|0x0000000711c00000, 0x0000000711e00000, 0x0000000711e00000|100%| E|CS|TAMS 0x0000000711c00000, 0x0000000711c00000| Complete 
| 116|0x0000000711e00000, 0x0000000712000000, 0x0000000712000000|100%| E|CS|TAMS 0x0000000711e00000, 0x0000000711e00000| Complete 
| 117|0x0000000712000000, 0x0000000712200000, 0x0000000712200000|100%| E|CS|TAMS 0x0000000712000000, 0x0000000712000000| Complete 
| 118|0x0000000712200000, 0x0000000712400000, 0x0000000712400000|100%| E|CS|TAMS 0x0000000712200000, 0x0000000712200000| Complete 
| 119|0x0000000712400000, 0x0000000712600000, 0x0000000712600000|100%| E|CS|TAMS 0x0000000712400000, 0x0000000712400000| Complete 
| 120|0x0000000712600000, 0x0000000712800000, 0x0000000712800000|100%| E|CS|TAMS 0x0000000712600000, 0x0000000712600000| Complete 
| 121|0x0000000712800000, 0x0000000712a00000, 0x0000000712a00000|100%| E|CS|TAMS 0x0000000712800000, 0x0000000712800000| Complete 
| 122|0x0000000712a00000, 0x0000000712c00000, 0x0000000712c00000|100%| E|CS|TAMS 0x0000000712a00000, 0x0000000712a00000| Complete 
| 123|0x0000000712c00000, 0x0000000712e00000, 0x0000000712e00000|100%| E|CS|TAMS 0x0000000712c00000, 0x0000000712c00000| Complete 
| 124|0x0000000712e00000, 0x0000000713000000, 0x0000000713000000|100%| E|CS|TAMS 0x0000000712e00000, 0x0000000712e00000| Complete 
| 125|0x0000000713000000, 0x0000000713200000, 0x0000000713200000|100%| E|CS|TAMS 0x0000000713000000, 0x0000000713000000| Complete 
| 126|0x0000000713200000, 0x0000000713400000, 0x0000000713400000|100%| E|CS|TAMS 0x0000000713200000, 0x0000000713200000| Complete 

Card table byte_map: [0x0000010d39660000,0x0000010d39e50000] _byte_map_base: 0x0000010d35e45000

Marking Bits (Prev, Next): (CMBitMap*) 0x0000010d222836f0, (CMBitMap*) 0x0000010d22283730
 Prev Bits: [0x0000010d3a640000, 0x0000010d3e568000)
 Next Bits: [0x0000010d3e570000, 0x0000010d42498000)

Polling page: 0x0000010d20160000

Metaspace:

Usage:
  Non-class:     13.35 MB used.
      Class:      1.81 MB used.
       Both:     15.16 MB used.

Virtual space:
  Non-class space:       64.00 MB reserved,      13.44 MB ( 21%) committed,  1 nodes.
      Class space:        1.00 GB reserved,       1.88 MB ( <1%) committed,  1 nodes.
             Both:        1.06 GB reserved,      15.31 MB (  1%) committed. 

Chunk freelists:
   Non-Class:  2.03 MB
       Class:  13.95 MB
        Both:  15.98 MB

MaxMetaspaceSize: unlimited
CompressedClassSpaceSize: 1.00 GB
Initial GC threshold: 21.00 MB
Current GC threshold: 21.00 MB
CDS: on
MetaspaceReclaimPolicy: balanced
 - commit_granule_bytes: 65536.
 - commit_granule_words: 8192.
 - virtual_space_node_default_size: 8388608.
 - enlarge_chunks_in_place: 1.
 - new_chunks_are_fully_committed: 0.
 - uncommit_free_chunks: 1.
 - use_allocation_guard: 0.
 - handle_deallocations: 1.


Internal statistics:

num_allocs_failed_limit: 0.
num_arena_births: 98.
num_arena_deaths: 0.
num_vsnodes_births: 2.
num_vsnodes_deaths: 0.
num_space_committed: 245.
num_space_uncommitted: 0.
num_chunks_returned_to_freelist: 0.
num_chunks_taken_from_freelist: 624.
num_chunk_merges: 0.
num_chunk_splits: 430.
num_chunks_enlarged: 351.
num_inconsistent_stats: 0.

CodeHeap 'non-profiled nmethods': size=120000Kb used=1741Kb max_used=1741Kb free=118259Kb
 bounds [0x0000010d31600000, 0x0000010d31870000, 0x0000010d38b30000]
CodeHeap 'profiled nmethods': size=120000Kb used=7598Kb max_used=7598Kb free=112401Kb
 bounds [0x0000010d29b30000, 0x0000010d2a2a0000, 0x0000010d31060000]
CodeHeap 'non-nmethods': size=5760Kb used=1190Kb max_used=1233Kb free=4569Kb
 bounds [0x0000010d31060000, 0x0000010d312d0000, 0x0000010d31600000]
 total_blobs=4209 nmethods=3739 adapters=382
 compilation: enabled
              stopped_count=0, restarted_count=0
 full_count=0

Compilation events (20 events):
Event: 3.261 Thread 0x0000010d44de5e00 nmethod 3694 0x0000010d317afb10 code [0x0000010d317afca0, 0x0000010d317afd78]
Event: 3.261 Thread 0x0000010d44de5e00 3695       1       org.apache.maven.model.IssueManagement::getUrl (5 bytes)
Event: 3.261 Thread 0x0000010d44de5e00 nmethod 3695 0x0000010d317afe10 code [0x0000010d317affa0, 0x0000010d317b0078]
Event: 3.261 Thread 0x0000010d44de5e00 3701       1       org.eclipse.aether.resolution.ArtifactDescriptorResult::getManagedDependencies (5 bytes)
Event: 3.261 Thread 0x0000010d44de5e00 nmethod 3701 0x0000010d317b0110 code [0x0000010d317b02a0, 0x0000010d317b0378]
Event: 3.261 Thread 0x0000010d44de5e00 3698       1       org.apache.maven.model.ActivationProperty::setName (6 bytes)
Event: 3.261 Thread 0x0000010d44de5e00 nmethod 3698 0x0000010d317b0410 code [0x0000010d317b05a0, 0x0000010d317b06b8]
Event: 3.261 Thread 0x0000010d44de5e00 3699       1       org.apache.maven.model.Model::setBuild (6 bytes)
Event: 3.261 Thread 0x0000010d44de5e00 nmethod 3699 0x0000010d317b0710 code [0x0000010d317b08a0, 0x0000010d317b09b8]
Event: 3.261 Thread 0x0000010d44de5e00 3700       1       java.util.Spliterators$EmptySpliterator::characteristics (4 bytes)
Event: 3.261 Thread 0x0000010d44de5e00 nmethod 3700 0x0000010d317b0a10 code [0x0000010d317b0ba0, 0x0000010d317b0c78]
Event: 3.265 Thread 0x0000010d44de5e00 3702       1       org.eclipse.aether.resolution.VersionRangeRequest::getArtifact (5 bytes)
Event: 3.265 Thread 0x0000010d44de5e00 nmethod 3702 0x0000010d317b0d10 code [0x0000010d317b0ea0, 0x0000010d317b0f78]
Event: 3.266 Thread 0x0000010d44de5e00 3703       3       org.eclipse.aether.graph.Dependency::setArtifact (36 bytes)
Event: 3.266 Thread 0x0000010d44de5e00 nmethod 3703 0x0000010d2a288710 code [0x0000010d2a2888e0, 0x0000010d2a288c38]
Event: 3.266 Thread 0x0000010d44de5e00 3705       3       java.lang.Integer::parseInt (7 bytes)
Event: 3.267 Thread 0x0000010d44de5e00 nmethod 3705 0x0000010d2a288d90 code [0x0000010d2a288f20, 0x0000010d2a289048]
Event: 3.267 Thread 0x0000010d44de5e00 3704       1       org.eclipse.aether.collection.DependencyManagement::getVersion (5 bytes)
Event: 3.267 Thread 0x0000010d44de5e00 nmethod 3704 0x0000010d317b1010 code [0x0000010d317b11a0, 0x0000010d317b1278]
Event: 3.269 Thread 0x0000010d44de5e00 3706       1       org.apache.maven.model.Model::setVersion (6 bytes)

GC Heap History (4 events):
Event: 0.505 GC heap before
{Heap before GC invocations=0 (full 0):
 garbage-first heap   total 260096K, used 22528K [0x0000000703600000, 0x0000000800000000)
  region size 2048K, 11 young (22528K), 0 survivors (0K)
 Metaspace       used 5412K, committed 5568K, reserved 1114112K
  class space    used 654K, committed 768K, reserved 1048576K
}
Event: 0.509 GC heap after
{Heap after GC invocations=1 (full 0):
 garbage-first heap   total 260096K, used 3698K [0x0000000703600000, 0x0000000800000000)
  region size 2048K, 2 young (4096K), 2 survivors (4096K)
 Metaspace       used 5412K, committed 5568K, reserved 1114112K
  class space    used 654K, committed 768K, reserved 1048576K
}
Event: 1.108 GC heap before
{Heap before GC invocations=1 (full 0):
 garbage-first heap   total 260096K, used 34418K [0x0000000703600000, 0x0000000800000000)
  region size 2048K, 17 young (34816K), 2 survivors (4096K)
 Metaspace       used 9106K, committed 9216K, reserved 1114112K
  class space    used 1098K, committed 1152K, reserved 1048576K
}
Event: 1.111 GC heap after
{Heap after GC invocations=2 (full 0):
 garbage-first heap   total 260096K, used 5140K [0x0000000703600000, 0x0000000800000000)
  region size 2048K, 1 young (2048K), 1 survivors (2048K)
 Metaspace       used 9106K, committed 9216K, reserved 1114112K
  class space    used 1098K, committed 1152K, reserved 1048576K
}

Deoptimization events (20 events):
Event: 3.074 Thread 0x0000010d222152e0 DEOPT PACKING pc=0x0000010d3178bf2c sp=0x00000003aa3fb6e0
Event: 3.074 Thread 0x0000010d222152e0 DEOPT UNPACKING pc=0x0000010d310b5ba3 sp=0x00000003aa3fb670 mode 2
Event: 3.074 Thread 0x0000010d222152e0 Uncommon trap: trap_request=0xffffffbe fr.pc=0x0000010d3178bf2c relative=0x0000000000000b8c
Event: 3.074 Thread 0x0000010d222152e0 Uncommon trap: reason=profile_predicate action=maybe_recompile pc=0x0000010d3178bf2c method=java.util.regex.Pattern$CharPropertyGreedy.match(Ljava/util/regex/Matcher;ILjava/lang/CharSequence;)Z @ 103 c2
Event: 3.074 Thread 0x0000010d222152e0 DEOPT PACKING pc=0x0000010d3178bf2c sp=0x00000003aa3fb800
Event: 3.074 Thread 0x0000010d222152e0 DEOPT UNPACKING pc=0x0000010d310b5ba3 sp=0x00000003aa3fb790 mode 2
Event: 3.085 Thread 0x0000010d222152e0 DEOPT PACKING pc=0x0000010d2a09c38c sp=0x00000003aa3fb4d0
Event: 3.085 Thread 0x0000010d222152e0 DEOPT UNPACKING pc=0x0000010d310b66e3 sp=0x00000003aa3faa28 mode 0
Event: 3.143 Thread 0x0000010d222152e0 Uncommon trap: trap_request=0xffffffde fr.pc=0x0000010d31643e90 relative=0x0000000000000ef0
Event: 3.143 Thread 0x0000010d222152e0 Uncommon trap: reason=class_check action=maybe_recompile pc=0x0000010d31643e90 method=java.util.concurrent.ConcurrentHashMap.putVal(Ljava/lang/Object;Ljava/lang/Object;Z)Ljava/lang/Object; @ 242 c2
Event: 3.144 Thread 0x0000010d222152e0 DEOPT PACKING pc=0x0000010d31643e90 sp=0x00000003aa3fc140
Event: 3.144 Thread 0x0000010d222152e0 DEOPT UNPACKING pc=0x0000010d310b5ba3 sp=0x00000003aa3fc0b0 mode 2
Event: 3.191 Thread 0x0000010d222152e0 Uncommon trap: trap_request=0xffffffcc fr.pc=0x0000010d317a0814 relative=0x00000000000001f4
Event: 3.191 Thread 0x0000010d222152e0 Uncommon trap: reason=intrinsic_or_type_checked_inlining action=make_not_entrant pc=0x0000010d317a0814 method=java.util.Arrays.copyOf([Ljava/lang/Object;ILjava/lang/Class;)[Ljava/lang/Object; @ 35 c2
Event: 3.191 Thread 0x0000010d222152e0 DEOPT PACKING pc=0x0000010d317a0814 sp=0x00000003aa3fbf80
Event: 3.191 Thread 0x0000010d222152e0 DEOPT UNPACKING pc=0x0000010d310b5ba3 sp=0x00000003aa3fbf10 mode 2
Event: 3.214 Thread 0x0000010d222152e0 Uncommon trap: trap_request=0xffffffde fr.pc=0x0000010d31643e90 relative=0x0000000000000ef0
Event: 3.214 Thread 0x0000010d222152e0 Uncommon trap: reason=class_check action=maybe_recompile pc=0x0000010d31643e90 method=java.util.concurrent.ConcurrentHashMap.putVal(Ljava/lang/Object;Ljava/lang/Object;Z)Ljava/lang/Object; @ 242 c2
Event: 3.214 Thread 0x0000010d222152e0 DEOPT PACKING pc=0x0000010d31643e90 sp=0x00000003aa3fc4e0
Event: 3.214 Thread 0x0000010d222152e0 DEOPT UNPACKING pc=0x0000010d310b5ba3 sp=0x00000003aa3fc450 mode 2

Classes unloaded (0 events):
No events

Classes redefined (0 events):
No events

Internal exceptions (20 events):
Event: 0.395 Thread 0x0000010d222152e0 Exception <a 'java/lang/NoSuchMethodError'{0x000000071220f610}: 'int java.lang.invoke.DirectMethodHandle$Holder.invokeSpecialIFC(java.lang.Object, java.lang.Object, java.lang.Object, java.lang.Object, java.lang.Object)'> (0x000000071220f610) 
thrown [s\open\src\hotspot\share\interpreter\linkResolver.cpp, line 759]
Event: 0.430 Thread 0x0000010d222152e0 Exception <a 'java/lang/NoSuchMethodError'{0x00000007123ba808}: 'java.lang.Object java.lang.invoke.DirectMethodHandle$Holder.newInvokeSpecial(java.lang.Object, java.lang.Object, java.lang.Object, java.lang.Object, java.lang.Object)'> (0x00000007123ba808) 
thrown [s\open\src\hotspot\share\interpreter\linkResolver.cpp, line 759]
Event: 0.454 Thread 0x0000010d222152e0 Exception <a 'java/lang/NoSuchMethodError'{0x00000007120dcae8}: 'int java.lang.invoke.DirectMethodHandle$Holder.invokeStaticInit(java.lang.Object, java.lang.Object)'> (0x00000007120dcae8) 
thrown [s\open\src\hotspot\share\interpreter\linkResolver.cpp, line 759]
Event: 0.461 Thread 0x0000010d222152e0 Exception <a 'java/lang/NoClassDefFoundError'{0x0000000712115e00}: javax/enterprise/inject/Typed> (0x0000000712115e00) 
thrown [s\open\src\hotspot\share\classfile\systemDictionary.cpp, line 245]
Event: 1.279 Thread 0x0000010d222152e0 Exception <a 'java/lang/NoSuchMethodError'{0x0000000712dda8e0}: 'void java.lang.invoke.DirectMethodHandle$Holder.invokeStaticInit(java.lang.Object, java.lang.Object, java.lang.Object)'> (0x0000000712dda8e0) 
thrown [s\open\src\hotspot\share\interpreter\linkResolver.cpp, line 759]
Event: 1.285 Thread 0x0000010d222152e0 Exception <a 'java/lang/ExceptionInInitializerError'{0x0000000712a08190}> (0x0000000712a08190) 
thrown [s\open\src\hotspot\share\oops\instanceKlass.cpp, line 1216]
Event: 1.301 Thread 0x0000010d222152e0 Implicit null exception at 0x0000010d3168742f to 0x0000010d31687590
Event: 1.303 Thread 0x0000010d222152e0 Exception <a 'java/lang/NoSuchMethodError'{0x0000000712a6f8c0}: 'java.lang.Object java.lang.invoke.Invokers$Holder.invokeExact_MT(java.lang.Object, int, java.lang.Object)'> (0x0000000712a6f8c0) 
thrown [s\open\src\hotspot\share\interpreter\linkResolver.cpp, line 759]
Event: 1.317 Thread 0x0000010d222152e0 Exception <a 'java/lang/NoSuchMethodError'{0x0000000712ad8e08}: 'int java.lang.invoke.DirectMethodHandle$Holder.invokeSpecial(java.lang.Object, java.lang.Object, java.lang.Object, java.lang.Object)'> (0x0000000712ad8e08) 
thrown [s\open\src\hotspot\share\interpreter\linkResolver.cpp, line 759]
Event: 1.627 Thread 0x0000010d222152e0 Exception <a 'java/lang/NoClassDefFoundError'{0x000000071230fe60}: com/google/inject/servlet/ServletModuleTargetVisitor> (0x000000071230fe60) 
thrown [s\open\src\hotspot\share\classfile\systemDictionary.cpp, line 245]
Event: 1.707 Thread 0x0000010d222152e0 Exception <a 'java/lang/NoSuchMethodError'{0x00000007120a6078}: 'void java.lang.invoke.DirectMethodHandle$Holder.invokeVirtual(java.lang.Object, java.lang.Object)'> (0x00000007120a6078) 
thrown [s\open\src\hotspot\share\interpreter\linkResolver.cpp, line 759]
Event: 1.729 Thread 0x0000010d222152e0 Exception <a 'java/lang/NoSuchMethodError'{0x000000071211e970}: 'java.lang.Object java.lang.invoke.DirectMethodHandle$Holder.invokeStaticInit(java.lang.Object, int, int, int, int)'> (0x000000071211e970) 
thrown [s\open\src\hotspot\share\interpreter\linkResolver.cpp, line 759]
Event: 1.894 Thread 0x0000010d222152e0 Implicit null exception at 0x0000010d31629ff2 to 0x0000010d3162a640
Event: 1.894 Thread 0x0000010d222152e0 Implicit null exception at 0x0000010d316283f2 to 0x0000010d31628a58
Event: 2.076 Thread 0x0000010d222152e0 Exception <a 'java/lang/NoSuchMethodError'{0x0000000711b5b228}: 'void java.lang.invoke.DirectMethodHandle$Holder.invokeSpecial(java.lang.Object, java.lang.Object, java.lang.Object, java.lang.Object, java.lang.Object)'> (0x0000000711b5b228) 
thrown [s\open\src\hotspot\share\interpreter\linkResolver.cpp, line 759]
Event: 2.084 Thread 0x0000010d222152e0 Exception <a 'java/lang/NoSuchMethodError'{0x0000000711b788b0}: 'void java.lang.invoke.DirectMethodHandle$Holder.invokeSpecial(java.lang.Object, java.lang.Object, java.lang.Object, java.lang.Object, java.lang.Object, java.lang.Object)'> (0x0000000711b788b0) 
thrown [s\open\src\hotspot\share\interpreter\linkResolver.cpp, line 759]
Event: 2.144 Thread 0x0000010d222152e0 Exception <a 'java/lang/NoSuchMethodError'{0x000000071188af98}: 'java.lang.Object java.lang.invoke.DirectMethodHandle$Holder.invokeVirtual(java.lang.Object, java.lang.Object, java.lang.Object)'> (0x000000071188af98) 
thrown [s\open\src\hotspot\share\interpreter\linkResolver.cpp, line 759]
Event: 2.877 Thread 0x0000010d222152e0 Implicit null exception at 0x0000010d3171082f to 0x0000010d3171091c
Event: 2.877 Thread 0x0000010d222152e0 Implicit null exception at 0x0000010d316b9f6d to 0x0000010d316ba144
Event: 2.877 Thread 0x0000010d222152e0 Implicit null exception at 0x0000010d31688bd8 to 0x0000010d31688c6e

VM Operations (20 events):
Event: 1.611 Executing VM operation: HandshakeAllThreads
Event: 1.611 Executing VM operation: HandshakeAllThreads done
Event: 1.717 Executing VM operation: HandshakeAllThreads
Event: 1.717 Executing VM operation: HandshakeAllThreads done
Event: 1.745 Executing VM operation: HandshakeAllThreads
Event: 1.745 Executing VM operation: HandshakeAllThreads done
Event: 1.853 Executing VM operation: HandshakeAllThreads
Event: 1.853 Executing VM operation: HandshakeAllThreads done
Event: 1.856 Executing VM operation: HandshakeAllThreads
Event: 1.856 Executing VM operation: HandshakeAllThreads done
Event: 2.128 Executing VM operation: ICBufferFull
Event: 2.128 Executing VM operation: ICBufferFull done
Event: 2.644 Executing VM operation: HandshakeAllThreads
Event: 2.644 Executing VM operation: HandshakeAllThreads done
Event: 2.646 Executing VM operation: ICBufferFull
Event: 2.647 Executing VM operation: ICBufferFull done
Event: 2.647 Executing VM operation: ICBufferFull
Event: 2.647 Executing VM operation: ICBufferFull done
Event: 3.098 Executing VM operation: ICBufferFull
Event: 3.098 Executing VM operation: ICBufferFull done

Events (20 events):
Event: 2.182 loading class sun/util/resources/LocaleData$CommonResourceBundleProvider
Event: 2.183 loading class sun/util/resources/LocaleData$LocaleDataResourceBundleProvider
Event: 2.183 loading class java/util/spi/ResourceBundleProvider
Event: 2.183 loading class java/util/spi/ResourceBundleProvider done
Event: 2.183 loading class sun/util/resources/LocaleData$LocaleDataResourceBundleProvider done
Event: 2.183 loading class sun/util/resources/LocaleData$CommonResourceBundleProvider done
Event: 2.183 loading class sun/util/resources/Bundles$2
Event: 2.183 loading class sun/util/resources/Bundles$2 done
Event: 2.288 loading class java/util/stream/Streams$RangeIntSpliterator
Event: 2.289 loading class java/util/stream/Streams$RangeIntSpliterator done
Event: 2.693 loading class java/util/stream/MatchOps$MatchKind
Event: 2.693 loading class java/util/stream/MatchOps$MatchKind done
Event: 2.693 loading class java/util/stream/MatchOps
Event: 2.694 loading class java/util/stream/MatchOps done
Event: 2.694 loading class java/util/stream/MatchOps$MatchOp
Event: 2.695 loading class java/util/stream/MatchOps$MatchOp done
Event: 2.695 loading class java/util/stream/MatchOps$BooleanTerminalSink
Event: 2.695 loading class java/util/stream/MatchOps$BooleanTerminalSink done
Event: 2.696 loading class java/util/stream/MatchOps$1MatchSink
Event: 2.696 loading class java/util/stream/MatchOps$1MatchSink done


Dynamic libraries:
0x00007ff7e2b40000 - 0x00007ff7e2b50000 	C:\Program Files\Java\jdk-17.0.18\bin\java.exe
0x00007ffd2a840000 - 0x00007ffd2aaa7000 	C:\WINDOWS\SYSTEM32\ntdll.dll
0x00007ffd29930000 - 0x00007ffd299f9000 	C:\WINDOWS\System32\KERNEL32.DLL
0x00007ffd28110000 - 0x00007ffd28504000 	C:\WINDOWS\System32\KERNELBASE.dll
0x00007ffd27240000 - 0x00007ffd2738b000 	C:\WINDOWS\System32\ucrtbase.dll
0x00007ffd06520000 - 0x00007ffd0653e000 	C:\Program Files\Java\jdk-17.0.18\bin\VCRUNTIME140.dll
0x00007ffd06a20000 - 0x00007ffd06a39000 	C:\Program Files\Java\jdk-17.0.18\bin\jli.dll
0x00007ffd2a660000 - 0x00007ffd2a716000 	C:\WINDOWS\System32\ADVAPI32.dll
0x00007ffd29700000 - 0x00007ffd297a9000 	C:\WINDOWS\System32\msvcrt.dll
0x00007ffd2a750000 - 0x00007ffd2a7f7000 	C:\WINDOWS\System32\sechost.dll
0x00007ffd28d80000 - 0x00007ffd28e98000 	C:\WINDOWS\System32\RPCRT4.dll
0x00007ffd2a430000 - 0x00007ffd2a5f5000 	C:\WINDOWS\System32\USER32.dll
0x00007ffd27f60000 - 0x00007ffd27f87000 	C:\WINDOWS\System32\win32u.dll
0x00007ffd10ad0000 - 0x00007ffd10d63000 	C:\WINDOWS\WinSxS\amd64_microsoft.windows.common-controls_6595b64144ccf1df_6.0.26100.8115_none_3e075c82e3354f9c\COMCTL32.dll
0x00007ffd285d0000 - 0x00007ffd285fb000 	C:\WINDOWS\System32\GDI32.dll
0x00007ffd27110000 - 0x00007ffd2723b000 	C:\WINDOWS\System32\gdi32full.dll
0x00007ffd27390000 - 0x00007ffd27433000 	C:\WINDOWS\System32\msvcp_win.dll
0x00007ffd17600000 - 0x00007ffd1760b000 	C:\WINDOWS\SYSTEM32\VERSION.dll
0x00007ffd290d0000 - 0x00007ffd29102000 	C:\WINDOWS\System32\IMM32.DLL
0x00007ffd1fa80000 - 0x00007ffd1fa8c000 	C:\Program Files\Java\jdk-17.0.18\bin\vcruntime140_1.dll
0x00007ffcb46e0000 - 0x00007ffcb476d000 	C:\Program Files\Java\jdk-17.0.18\bin\msvcp140.dll
0x00007ffc753e0000 - 0x00007ffc75fc4000 	C:\Program Files\Java\jdk-17.0.18\bin\server\jvm.dll
0x00007ffd28600000 - 0x00007ffd28608000 	C:\WINDOWS\System32\PSAPI.DLL
0x00007ffd1eec0000 - 0x00007ffd1eef6000 	C:\WINDOWS\SYSTEM32\WINMM.dll
0x00007ffd151b0000 - 0x00007ffd151ba000 	C:\WINDOWS\SYSTEM32\WSOCK32.dll
0x00007ffd2a0f0000 - 0x00007ffd2a170000 	C:\WINDOWS\System32\WS2_32.dll
0x00007ffd25e70000 - 0x00007ffd25e8b000 	C:\WINDOWS\SYSTEM32\kernel.appcore.dll
0x00007ffd1fa40000 - 0x00007ffd1fa4a000 	C:\Program Files\Java\jdk-17.0.18\bin\jimage.dll
0x00007ffd247a0000 - 0x00007ffd249e2000 	C:\WINDOWS\SYSTEM32\DBGHELP.DLL
0x00007ffd29d50000 - 0x00007ffd2a0d2000 	C:\WINDOWS\System32\combase.dll
0x00007ffd29a00000 - 0x00007ffd29ad8000 	C:\WINDOWS\System32\OLEAUT32.dll
0x00007ffd0c7d0000 - 0x00007ffd0c80b000 	C:\WINDOWS\SYSTEM32\dbgcore.DLL
0x00007ffd275b0000 - 0x00007ffd27655000 	C:\WINDOWS\System32\bcryptPrimitives.dll
0x00007ffce3210000 - 0x00007ffce3236000 	C:\Program Files\Java\jdk-17.0.18\bin\java.dll
0x00007ffcbab70000 - 0x00007ffcbac47000 	C:\Program Files\Java\jdk-17.0.18\bin\jsvml.dll
0x00007ffd28610000 - 0x00007ffd28d77000 	C:\WINDOWS\System32\SHELL32.dll
0x00007ffd27440000 - 0x00007ffd275aa000 	C:\WINDOWS\System32\wintypes.dll
0x00007ffd27660000 - 0x00007ffd27ec8000 	C:\WINDOWS\System32\windows.storage.dll
0x00007ffd2a330000 - 0x00007ffd2a428000 	C:\WINDOWS\System32\SHCORE.dll
0x00007ffd297b0000 - 0x00007ffd29816000 	C:\WINDOWS\System32\shlwapi.dll
0x00007ffd27030000 - 0x00007ffd27059000 	C:\WINDOWS\SYSTEM32\profapi.dll
0x00007ffd063e0000 - 0x00007ffd063fb000 	C:\Program Files\Java\jdk-17.0.18\bin\net.dll
0x00007ffd1ff20000 - 0x00007ffd2004d000 	C:\WINDOWS\SYSTEM32\WINHTTP.dll
0x00007ffd263f0000 - 0x00007ffd2645c000 	C:\WINDOWS\system32\mswsock.dll
0x00007ffd04f20000 - 0x00007ffd04f36000 	C:\Program Files\Java\jdk-17.0.18\bin\nio.dll
0x00007ffd04d00000 - 0x00007ffd04d18000 	C:\Program Files\Java\jdk-17.0.18\bin\zip.dll
0x00007ffd069b0000 - 0x00007ffd069d4000 	C:\Program Files\Apache\apache-maven-3.9.11\lib\jansi-native\Windows\x86_64\jansi.dll
0x00007ffd152a0000 - 0x00007ffd152b0000 	C:\Program Files\Java\jdk-17.0.18\bin\verify.dll

dbghelp: loaded successfully - version: 4.0.5 - missing functions: none
symbol engine: initialized successfully - sym options: 0x614 - pdb path: .;C:\Program Files\Java\jdk-17.0.18\bin;C:\WINDOWS\SYSTEM32;C:\WINDOWS\WinSxS\amd64_microsoft.windows.common-controls_6595b64144ccf1df_6.0.26100.8115_none_3e075c82e3354f9c;C:\Program Files\Java\jdk-17.0.18\bin\server;C:\Program Files\Apache\apache-maven-3.9.11\lib\jansi-native\Windows\x86_64

VM Arguments:
jvm_args: --enable-native-access=ALL-UNNAMED -Dclassworlds.conf=C:\Program Files\Apache\apache-maven-3.9.11\bin\m2.conf -Dmaven.home=C:\Program Files\Apache\apache-maven-3.9.11 -Dlibrary.jansi.path=C:\Program Files\Apache\apache-maven-3.9.11\lib\jansi-native -Dmaven.multiModuleProjectDirectory=C:\Users\vaira\OneDrive\Desktop\TwinMind\backend 
java_command: org.codehaus.plexus.classworlds.launcher.Launcher spring-boot:run
java_class_path (initial): C:\Program Files\Apache\apache-maven-3.9.11\boot\plexus-classworlds-2.9.0.jar
Launcher Type: SUN_STANDARD

[Global flags]
     intx CICompilerCount                          = 4                                         {product} {ergonomic}
     uint ConcGCThreads                            = 2                                         {product} {ergonomic}
     uint G1ConcRefinementThreads                  = 8                                         {product} {ergonomic}
   size_t G1HeapRegionSize                         = 2097152                                   {product} {ergonomic}
    uintx GCDrainStackTargetSize                   = 64                                        {product} {ergonomic}
   size_t InitialHeapSize                          = 266338304                                 {product} {ergonomic}
   size_t MarkStackSize                            = 4194304                                   {product} {ergonomic}
   size_t MaxHeapSize                              = 4238344192                                {product} {ergonomic}
   size_t MaxNewSize                               = 2541748224                                {product} {ergonomic}
   size_t MinHeapDeltaBytes                        = 2097152                                   {product} {ergonomic}
   size_t MinHeapSize                              = 8388608                                   {product} {ergonomic}
    uintx NonNMethodCodeHeapSize                   = 5839372                                {pd product} {ergonomic}
    uintx NonProfiledCodeHeapSize                  = 122909434                              {pd product} {ergonomic}
    uintx ProfiledCodeHeapSize                     = 122909434                              {pd product} {ergonomic}
    uintx ReservedCodeCacheSize                    = 251658240                              {pd product} {ergonomic}
     bool SegmentedCodeCache                       = true                                      {product} {ergonomic}
   size_t SoftMaxHeapSize                          = 4238344192                             {manageable} {ergonomic}
     bool UseCompressedClassPointers               = true                           {product lp64_product} {ergonomic}
     bool UseCompressedOops                        = true                           {product lp64_product} {ergonomic}
     bool UseG1GC                                  = true                                      {product} {ergonomic}
     bool UseLargePagesIndividualAllocation        = false                                  {pd product} {ergonomic}

Logging:
Log output configuration:
 #0: stdout all=warning uptime,level,tags
 #1: stderr all=off uptime,level,tags

Environment Variables:
JAVA_HOME=C:\Program Files\Java\jdk-17.0.18
PATH=C:\Program Files\Java\jdk-17.0.18\bin;C:\Program Files\Java\jdk-21\bin;C:\Program Files\Common Files\Oracle\Java\javapath;D:\c tutorial\mydirectory;C:\Windows;C:\Windows\System32\Wbem;C:\Windows\System32\WindowsPowerShell\v1.0\;C:\Windows\System32\OpenSSH\;C:\Program Files (x86)\NVIDIA Corporation\PhysX\Common;C:\Program Files\NVIDIA Corporation\NVIDIA NvDLISR;C:\WINDOWS\system32;C:\WINDOWS;C:\WINDOWS\System32\Wbem;C:\WINDOWS\System32\WindowsPowerShell\v1.0\;C:\WINDOWS\System32\OpenSSH\;c:\\vairag_aks\\mydirectory\\gcc\;C:\MinGW\bin;C:\Program Files\MySQL\MySQL Server 8.0\bin;C:\Program Files\Git\cmd;C:\Program Files\Git\mingw64\bin;C:\Program Files\Git\usr\bin;C:\Program Files\nodejs\;C:\Program Files\Apache\apache-maven-3.9.11\bin;C:\Program Files\Docker\Docker\resources\bin;C:\Program Files\PostgreSQL\16\bin;C:\Program Files\PostgreSQL\18\bin;C:\Program Files\Go\bin;C:\Program Files\Java\jdk-17.0.18\bin;C:\MinGW\bin;C:\Users\vaira\AppData\Local\Microsoft\WindowsApps;C:\Program Files\JetBrains\PyCharm 2022.3.3\bin;;C:\Users\vaira\AppData\Local\Programs\Microsoft VS Code\bin;C:\Program Files\JetBrains\IntelliJ IDEA Community Edition 2024.1.2\bin;;C:\Program Files\MySQL\MySQL Server 8.0\bin;C:\Users\vaira\AppData\Roaming\npm;C:\Users\vaira\AppData\Local\Google\Cloud SDK\google-cloud-sdk\bin;C:\Program Files\sf\bin;C:\Users\vaira\AppData\Local\Python\bin;C:\Users\vaira\AppData\Local\Programs\Kiro\bin;C:\Users\vaira\go\bin;C:\Program Files\Java\jdk-21\bin;c:\Users\vaira\.kiro\extensions\vscjava.vscode-java-debug-0.59.0-universal\bundled\scripts\noConfigScripts
USERNAME=vaira
LANG=en_US.UTF-8
OS=Windows_NT
PROCESSOR_IDENTIFIER=Intel64 Family 6 Model 140 Stepping 1, GenuineIntel



---------------  S Y S T E M  ---------------

OS:
 Windows 11 , 64 bit Build 26100 (10.0.26100.8246)
OS uptime: 3 days 0:16 hours
Hyper-V role detected

CPU: total 8 (initial active 8) (4 cores per cpu, 2 threads per core) family 6 model 140 stepping 1 microcode 0x86, cx8, cmov, fxsr, ht, mmx, 3dnowpref, sse, sse2, sse3, ssse3, sse4.1, sse4.2, popcnt, lzcnt, tsc, tscinvbit, avx, avx2, aes, erms, clmul, bmi1, bmi2, adx, avx512f, avx512dq, avx512cd, avx512bw, avx512vl, sha, fma, vzeroupper, avx512_vpopcntdq, avx512_vpclmulqdq, avx512_vaes, avx512_vnni, clflush, clflushopt, clwb, avx512_vbmi2, avx512_vbmi, hv

Memory: 4k page, system-wide physical 16167M (1764M free)
TotalPageFile size 28424M (AvailPageFile size 6M)
current process WorkingSet (physical memory assigned to process): 161M, peak: 161M
current process commit charge ("private bytes"): 385M, peak: 386M

vm_info: Java HotSpot(TM) 64-Bit Server VM (17.0.18+8-LTS-264) for windows-amd64 JRE (17.0.18+8-LTS-264), built on Dec 18 2025 09:51:58 by "mach5run" with MS VC++ 17.13 (VS2022)

END.
